[1.690s] Invoking command in '/home/luz/Escritorio/Robotica/week9/ros2_ws/build/navigation_tb3': CMAKE_PREFIX_PATH=/home/luz/Escritorio/Robotica/week9/ros2_ws/install/stage_ros2:/opt/ros/humble:/home/luz/Escritorio/Robotica/week9/ros2_ws/install/stage:/home/luz/Escritorio/Robotica/week9/ros2_ws/install/navigation_tb3:/home/luz/Escritorio/Robotica/week9/ros2_ws/install/cartographer_rviz:/home/luz/Escritorio/Robotica/week9/ros2_ws/install/cartographer_ros:/home/luz/Escritorio/Robotica/week9/ros2_ws/install/cartographer_ros_msgs /usr/bin/cmake --build /home/luz/Escritorio/Robotica/week9/ros2_ws/build/navigation_tb3 -- -j12 -l12
[10.275s] [100%] Built target pub_occupancy_grid
[10.322s] failed to create symbolic link '/home/luz/Escritorio/Robotica/week9/ros2_ws/build/navigation_tb3/ament_cmake_python/navigation_tb3/navigation_tb3' because existing path cannot be removed: Is a directory
[10.322s] gmake[2]: *** [CMakeFiles/ament_cmake_python_symlink_navigation_tb3.dir/build.make:70: CMakeFiles/ament_cmake_python_symlink_navigation_tb3] Error 1
[10.322s] gmake[1]: *** [CMakeFiles/Makefile2:166: CMakeFiles/ament_cmake_python_symlink_navigation_tb3.dir/all] Error 2
[10.322s] gmake: *** [Makefile:146: all] Error 2
